Drill report for Z:\fc660m-pcb\board_arm.kicad_pcb
Created on 25/03/2019 13:50:54

Copper Layer Stackup:
    =============================================================
    L1 :  F.Cu                      front
    L2 :  B.Cu                      back


Drill file 'board_arm.drl' contains
    plated through holes:
    =============================================================
    T1  0.40mm  0.016"  (59 holes)
    T2  0.60mm  0.024"  (4 holes)  (with 4 slots)
    T3  0.80mm  0.031"  (3 holes)
    T4  1.47mm  0.058"  (132 holes)

    Total plated holes count 198


Not plated through holes are merged with plated holes
    unplated through holes:
    =============================================================
    T5  0.65mm  0.026"  (2 holes)
    T6  1.50mm  0.059"  (9 holes)  (with 9 slots)
    T7  1.75mm  0.069"  (132 holes)
    T8  3.05mm  0.120"  (10 holes)
    T9  3.99mm  0.157"  (76 holes)

    Total unplated holes count 229
